<?xml version="1.0" encoding="UTF-8"?>
<testsuite name="com.swaminc.joke.JokeApplicationTests" tests="1" skipped="0" failures="0" errors="0" timestamp="2021-04-16T20:38:32" hostname="macserver.local" time="0.389">
  <properties/>
  <testcase name="contextLoads()" classname="com.swaminc.joke.JokeApplicationTests" time="0.389"/>
  <system-out><![CDATA[16:38:30.317 [Test worker] DEBUG org.springframework.test.context.BootstrapUtils - Instantiating CacheAwareContextLoaderDelegate from class [org.springframework.test.context.cache.DefaultCacheAwareContextLoaderDelegate]
16:38:30.329 [Test worker] DEBUG org.springframework.test.context.BootstrapUtils - Instantiating BootstrapContext using constructor [public org.springframework.test.context.support.DefaultBootstrapContext(java.lang.Class,org.springframework.test.context.CacheAwareContextLoaderDelegate)]
16:38:30.367 [Test worker] DEBUG org.springframework.test.context.BootstrapUtils - Instantiating TestContextBootstrapper for test class [com.swaminc.joke.JokeApplicationTests] from class [org.springframework.boot.test.context.SpringBootTestContextBootstrapper]
16:38:30.379 [Test worker] INFO org.springframework.boot.test.context.SpringBootTestContextBootstrapper - Neither @ContextConfiguration nor @ContextHierarchy found for test class [com.swaminc.joke.JokeApplicationTests], using SpringBootContextLoader
16:38:30.384 [Test worker] DEBUG org.springframework.test.context.support.AbstractContextLoader - Did not detect default resource location for test class [com.swaminc.joke.JokeApplicationTests]: class path resource [com/swaminc/joke/JokeApplicationTests-context.xml] does not exist
16:38:30.385 [Test worker] DEBUG org.springframework.test.context.support.AbstractContextLoader - Did not detect default resource location for test class [com.swaminc.joke.JokeApplicationTests]: class path resource [com/swaminc/joke/JokeApplicationTestsContext.groovy] does not exist
16:38:30.386 [Test worker] INFO org.springframework.test.context.support.AbstractContextLoader - Could not detect default resource locations for test class [com.swaminc.joke.JokeApplicationTests]: no resource found for suffixes {-context.xml, Context.groovy}.
16:38:30.387 [Test worker] INFO org.springframework.test.context.support.AnnotationConfigContextLoaderUtils - Could not detect default configuration classes for test class [com.swaminc.joke.JokeApplicationTests]: JokeApplicationTests does not declare any static, non-private, non-final, nested classes annotated with @Configuration.
16:38:30.449 [Test worker] DEBUG org.springframework.test.context.support.ActiveProfilesUtils - Could not find an 'annotation declaring class' for annotation type [org.springframework.test.context.ActiveProfiles] and class [com.swaminc.joke.JokeApplicationTests]
16:38:30.520 [Test worker] DEBUG org.springframework.context.annotation.ClassPathScanningCandidateComponentProvider - Identified candidate component class: file [/Users/stevenlu/workspace/springFramework5/spring5-jokes-app-v2/build/classes/java/main/com/swaminc/joke/JokeApplication.class]
16:38:30.522 [Test worker] INFO org.springframework.boot.test.context.SpringBootTestContextBootstrapper - Found @SpringBootConfiguration com.swaminc.joke.JokeApplication for test class com.swaminc.joke.JokeApplicationTests
16:38:30.632 [Test worker] DEBUG org.springframework.boot.test.context.SpringBootTestContextBootstrapper - @TestExecutionListeners is not present for class [com.swaminc.joke.JokeApplicationTests]: using defaults.
16:38:30.633 [Test worker] INFO org.springframework.boot.test.context.SpringBootTestContextBootstrapper - Loaded default TestExecutionListener class names from location [META-INF/spring.factories]: [org.springframework.boot.test.autoconfigure.restdocs.RestDocsTestExecutionListener, org.springframework.boot.test.autoconfigure.web.client.MockRestServiceServerResetTestExecutionListener, org.springframework.boot.test.autoconfigure.web.servlet.MockMvcPrintOnlyOnFailureTestExecutionListener, org.springframework.boot.test.autoconfigure.web.servlet.WebDriverTestExecutionListener, org.springframework.boot.test.autoconfigure.webservices.client.MockWebServiceServerTestExecutionListener, org.springframework.boot.test.mock.mockito.MockitoTestExecutionListener, org.springframework.boot.test.mock.mockito.ResetMocksTestExecutionListener, org.springframework.test.context.web.ServletTestExecutionListener, org.springframework.test.context.support.DirtiesContextBeforeModesTestExecutionListener, org.springframework.test.context.event.ApplicationEventsTestExecutionListener, org.springframework.test.context.support.DependencyInjectionTestExecutionListener, org.springframework.test.context.support.DirtiesContextTestExecutionListener, org.springframework.test.context.transaction.TransactionalTestExecutionListener, org.springframework.test.context.jdbc.SqlScriptsTestExecutionListener, org.springframework.test.context.event.EventPublishingTestExecutionListener]
16:38:30.644 [Test worker] DEBUG org.springframework.boot.test.context.SpringBootTestContextBootstrapper - Skipping candidate TestExecutionListener [org.springframework.test.context.transaction.TransactionalTestExecutionListener] due to a missing dependency. Specify custom listener classes or make the default listener classes and their required dependencies available. Offending class: [org/springframework/transaction/interceptor/TransactionAttributeSource]
16:38:30.645 [Test worker] DEBUG org.springframework.boot.test.context.SpringBootTestContextBootstrapper - Skipping candidate TestExecutionListener [org.springframework.test.context.jdbc.SqlScriptsTestExecutionListener] due to a missing dependency. Specify custom listener classes or make the default listener classes and their required dependencies available. Offending class: [org/springframework/transaction/interceptor/TransactionAttribute]
16:38:30.646 [Test worker] INFO org.springframework.boot.test.context.SpringBootTestContextBootstrapper - Using TestExecutionListeners: [org.springframework.test.context.web.ServletTestExecutionListener@5b70f7de, org.springframework.test.context.support.DirtiesContextBeforeModesTestExecutionListener@3e481f4e, org.springframework.test.context.event.ApplicationEventsTestExecutionListener@8c6f1cc, org.springframework.boot.test.mock.mockito.MockitoTestExecutionListener@77f09859, org.springframework.boot.test.autoconfigure.SpringBootDependencyInjectionTestExecutionListener@2be25f7e, org.springframework.test.context.support.DirtiesContextTestExecutionListener@55ae9723, org.springframework.test.context.event.EventPublishingTestExecutionListener@6a5944cb, org.springframework.boot.test.autoconfigure.restdocs.RestDocsTestExecutionListener@19983b89, org.springframework.boot.test.autoconfigure.web.client.MockRestServiceServerResetTestExecutionListener@20388e6b, org.springframework.boot.test.autoconfigure.web.servlet.MockMvcPrintOnlyOnFailureTestExecutionListener@10e02c0, org.springframework.boot.test.autoconfigure.web.servlet.WebDriverTestExecutionListener@21517136, org.springframework.boot.test.autoconfigure.webservices.client.MockWebServiceServerTestExecutionListener@79cd52e6, org.springframework.boot.test.mock.mockito.ResetMocksTestExecutionListener@1de2c062]
16:38:30.650 [Test worker] DEBUG org.springframework.test.context.support.AbstractDirtiesContextTestExecutionListener - Before test class: context [DefaultTestContext@14104f60 testClass = JokeApplicationTests, testInstance = [null], testMethod = [null], testException = [null], mergedContextConfiguration = [WebMergedContextConfiguration@5bc39f3d testClass = JokeApplicationTests, locations = '{}', classes = '{class com.swaminc.joke.JokeApplication}', contextInitializerClasses = '[]', activeProfiles = '{}', propertySourceLocations = '{}', propertySourceProperties = '{org.springframework.boot.test.context.SpringBootTestContextBootstrapper=true}', contextCustomizers = set[org.springframework.boot.test.autoconfigure.actuate.metrics.MetricsExportContextCustomizerFactory$DisableMetricExportContextCustomizer@1483212, org.springframework.boot.test.autoconfigure.properties.PropertyMappingContextCustomizer@0, org.springframework.boot.test.autoconfigure.web.servlet.WebDriverContextCustomizerFactory$Customizer@2413250a, org.springframework.boot.test.context.filter.ExcludeFilterContextCustomizer@4ca685a0, org.springframework.boot.test.json.DuplicateJsonObjectContextCustomizerFactory$DuplicateJsonObjectContextCustomizer@7df6fac5, org.springframework.boot.test.mock.mockito.MockitoContextCustomizer@0, org.springframework.boot.test.web.client.TestRestTemplateContextCustomizer@4d44110d, org.springframework.boot.test.context.SpringBootTestArgs@1, org.springframework.boot.test.context.SpringBootTestWebEnvironment@24aa97a2], resourceBasePath = 'src/main/webapp', contextLoader = 'org.springframework.boot.test.context.SpringBootContextLoader', parent = [null]], attributes = map['org.springframework.test.context.web.ServletTestExecutionListener.activateListener' -> true]], class annotated with @DirtiesContext [false] with mode [null].
16:38:30.690 [Test worker] DEBUG org.springframework.test.context.support.TestPropertySourceUtils - Adding inlined properties to environment: {spring.jmx.enabled=false, org.springframework.boot.test.context.SpringBootTestContextBootstrapper=true}

  .   ____          _            __ _ _
 /\\ / ___'_ __ _ _(_)_ __  __ _ \ \ \ \
( ( )\___ | '_ | '_| | '_ \/ _` | \ \ \ \
 \\/  ___)| |_)| | | | | || (_| |  ) ) ) )
  '  |____| .__|_| |_|_| |_\__, | / / / /
 =========|_|==============|___/=/_/_/_/
 :: Spring Boot ::                (v2.4.5)

2021-04-16 16:38:31.162  INFO 25208 --- [    Test worker] com.swaminc.joke.JokeApplicationTests    : Starting JokeApplicationTests using Java 14.0.1 on macserver.local with PID 25208 (started by stevenlu in /Users/stevenlu/workspace/springFramework5/spring5-jokes-app-v2)
2021-04-16 16:38:31.165  INFO 25208 --- [    Test worker] com.swaminc.joke.JokeApplicationTests    : No active profile set, falling back to default profiles: default
2021-04-16 16:38:32.403  INFO 25208 --- [    Test worker] o.s.s.concurrent.ThreadPoolTaskExecutor  : Initializing ExecutorService 'applicationTaskExecutor'
2021-04-16 16:38:32.751  INFO 25208 --- [    Test worker] com.swaminc.joke.JokeApplicationTests    : Started JokeApplicationTests in 2.052 seconds (JVM running for 3.278)
]]></system-out>
  <system-err><![CDATA[]]></system-err>
</testsuite>
